<?xml version="1.0" encoding="UTF-8"?>
<testng-results skipped="0" failed="0" ignored="3" total="4" passed="1">
  <reporter-output>
  </reporter-output>
  <suite name="Surefire suite" duration-ms="79" started-at="2021-06-24T07:53:49Z" finished-at="2021-06-24T07:53:49Z">
    <groups>
    </groups>
    <test name="Surefire test" duration-ms="79" started-at="2021-06-24T07:53:49Z" finished-at="2021-06-24T07:53:49Z">
      <class name="com.rmgyntra.test.RunningADemoClass">
        <test-method status="PASS" signature="runTest4()[pri:0, instance:com.rmgyntra.test.RunningADemoClass@2344fc66]" name="runTest4" duration-ms="26" started-at="2021-06-24T07:53:49Z" finished-at="2021-06-24T07:53:49Z">
          <reporter-output>
          </reporter-output>
        </test-method> <!-- runTest4 -->
      </class> <!-- com.rmgyntra.test.RunningADemoClass -->
    </test> <!-- Surefire test -->
  </suite> <!-- Surefire suite -->
</testng-results>
