<?xml version="1.0" encoding="UTF-8"?>
<testsuite xmlns:xsi="http://www.w3.org/2001/XMLSchema-instance" xsi:noNamespaceSchemaLocation="https://maven.apache.org/surefire/maven-surefire-plugin/xsd/surefire-test-report-3.0.xsd" version="3.0" name="com.rmgyntra.test.RunningADemoClass" time="1.322" tests="1" errors="0" skipped="0" failures="0">
  <properties>
[...]
</properties>
  <testcase name="runTest4" classname="com.rmgyntra.test.RunningADemoClass" time="0.02">
    <system-out><![CDATA[Inside method===>>> runTest4()
]]></system-out>
  </testcase>
</testsuite>