<?xml version="1.0" encoding="UTF-8"?>
<!-- Generated by org.testng.reporters.JUnitXMLReporter -->
<testsuite hostname="DESKTOP-GK61F68" ignored="3" name="Surefire test" tests="1" failures="0" timestamp="24 Jun 2021 07:53:49 GMT" time="0.079" errors="0">
  <testcase name="runTest4" time="0.026" classname="com.rmgyntra.test.RunningADemoClass"/>
  <testcase name="runTest" time="0.0" classname="com.rmgyntra.test.RunningADemoClass">
    <ignored/>
  </testcase> <!-- runTest -->
  <testcase name="runTest2" time="0.0" classname="com.rmgyntra.test.RunningADemoClass">
    <ignored/>
  </testcase> <!-- runTest2 -->
  <testcase name="runTest3" time="0.0" classname="com.rmgyntra.test.RunningADemoClass">
    <ignored/>
  </testcase> <!-- runTest3 -->
</testsuite> <!-- Surefire test -->
