<?xml version="1.0" encoding="UTF-8"?>
<testng-results skipped="0" failed="0" ignored="0" total="1" passed="1">
  <reporter-output>
  </reporter-output>
  <suite name="Default suite" duration-ms="6274" started-at="2021-06-24T13:11:41 IST" finished-at="2021-06-24T13:11:47 IST">
    <groups>
    </groups>
    <test name="Default test" duration-ms="6274" started-at="2021-06-24T13:11:41 IST" finished-at="2021-06-24T13:11:47 IST">
      <class name="com.rmgyntra.test.RunParamters">
        <test-method status="PASS" signature="runParamterTest()[pri:0, instance:com.rmgyntra.test.RunParamters@53f65459]" name="runParamterTest" duration-ms="6155" started-at="2021-06-24T13:11:41 IST" finished-at="2021-06-24T13:11:47 IST">
          <reporter-output>
          </reporter-output>
        </test-method> <!-- runParamterTest -->
      </class> <!-- com.rmgyntra.test.RunParamters -->
    </test> <!-- Default test -->
  </suite> <!-- Default suite -->
</testng-results>
